<?xml version="1.0" encoding="UTF-8"?>
<!-- Generated by org.testng.reporters.JUnitXMLReporter -->
<testsuite ignored="0" hostname="DESKTOP-23TRBK7" failures="1" tests="2" name="Test" time="46.441" errors="0" timestamp="2026-05-11T23:30:38 IST">
  <testcase classname="testCases.TC001_AccountRegistrationTest" name="verify_account_registration" time="24.509">
    <failure type="java.lang.AssertionError" message="expected [true] but found [false]">
      <![CDATA[java.lang.AssertionError: expected [true] but found [false]
at testCases.TC001_AccountRegistrationTest.verify_account_registration(TC001_AccountRegistrationTest.java:53)
at java.base/java.util.ArrayList.forEach(ArrayList.java:1596)
... Removed 29 stack frames]]>
    </failure>
  </testcase> <!-- verify_account_registration -->
  <testcase classname="testCases.TC002_LoginTest" name="verify_login" time="7.164"/>
</testsuite> <!-- Test -->
